<?xml version="1.0" encoding="UTF-8"?>
<!-- Generated by org.testng.reporters.JUnitXMLReporter -->
<testsuite hostname="LAP-1004" name="Default test" tests="10" failures="3" timestamp="22 Oct 2019 00:00:13 GMT" time="30.673" errors="0">
  <testcase name="createIssueTest" time="13.499" classname="flobiz.tests.CreateIssueTest"/>
  <testcase name="createIssueTest" time="4.243" classname="flobiz.tests.CreateIssueTest"/>
  <testcase name="createIssueTest" time="4.139" classname="flobiz.tests.CreateIssueTest"/>
  <testcase name="getIssueByQueryTest" time="2.837" classname="flobiz.tests.GetIssuesByQueryTest"/>
  <testcase name="getIssueByQueryTest" time="2.006" classname="flobiz.tests.GetIssuesByQueryTest"/>
  <testcase name="getIssueByIdTest" time="1.781" classname="flobiz.tests.GetIssueByIdTest"/>
  <testcase name="modifyIssueTest" time="0.02" classname="flobiz.tests.ModifyIssueTest">
    <failure type="com.google.gson.JsonSyntaxException" message="com.google.gson.stream.MalformedJsonException: Unterminated string at line 3 column 2 path $.title">
      <![CDATA[com.google.gson.JsonSyntaxException: com.google.gson.stream.MalformedJsonException: Unterminated string at line 3 column 2 path $.title
	at com.google.gson.Gson.fromJson(Gson.java:942)
	at com.google.gson.Gson.fromJson(Gson.java:865)
	at flobiz.utils.JsonUtility.createTemplate(JsonUtility.java:15)
	at flobiz.services.IssueService.modifyIssue(IssueService.java:56)
	at flobiz.tests.ModifyIssueTest.modifyIssueTest(ModifyIssueTest.java:24)
	at sun.reflect.NativeMethodAccessorImpl.invoke0(Native Method)
	at sun.reflect.NativeMethodAccessorImpl.invoke(Unknown Source)
	at sun.reflect.DelegatingMethodAccessorImpl.invoke(Unknown Source)
	at java.lang.reflect.Method.invoke(Unknown Source)
	at org.testng.internal.MethodInvocationHelper.invokeMethod(MethodInvocationHelper.java:86)
	at org.testng.internal.Invoker.invokeMethod(Invoker.java:645)
	at org.testng.internal.Invoker.invokeTestMethod(Invoker.java:822)
	at org.testng.internal.Invoker.invokeTestMethods(Invoker.java:1130)
	at org.testng.internal.TestMethodWorker.invokeTestMethods(TestMethodWorker.java:129)
	at org.testng.internal.TestMethodWorker.run(TestMethodWorker.java:112)
	at org.testng.TestRunner.privateRun(TestRunner.java:782)
	at org.testng.TestRunner.run(TestRunner.java:632)
	at org.testng.SuiteRunner.runTest(SuiteRunner.java:366)
	at org.testng.SuiteRunner.runSequentially(SuiteRunner.java:361)
	at org.testng.SuiteRunner.privateRun(SuiteRunner.java:319)
	at org.testng.SuiteRunner.run(SuiteRunner.java:268)
	at org.testng.SuiteRunnerWorker.runSuite(SuiteRunnerWorker.java:52)
	at org.testng.SuiteRunnerWorker.run(SuiteRunnerWorker.java:86)
	at org.testng.TestNG.runSuitesSequentially(TestNG.java:1244)
	at org.testng.TestNG.runSuitesLocally(TestNG.java:1169)
	at org.testng.TestNG.run(TestNG.java:1064)
	at org.testng.remote.RemoteTestNG.run(RemoteTestNG.java:113)
	at org.testng.remote.RemoteTestNG.initAndRun(RemoteTestNG.java:206)
	at org.testng.remote.RemoteTestNG.main(RemoteTestNG.java:177)
Caused by: com.google.gson.stream.MalformedJsonException: Unterminated string at line 3 column 2 path $.title
	at com.google.gson.stream.JsonReader.syntaxError(JsonReader.java:1568)
	at com.google.gson.stream.JsonReader.nextQuotedValue(JsonReader.java:1031)
	at com.google.gson.stream.JsonReader.nextString(JsonReader.java:815)
	at com.google.gson.internal.bind.TypeAdapters$16.read(TypeAdapters.java:402)
	at com.google.gson.internal.bind.TypeAdapters$16.read(TypeAdapters.java:390)
	at com.google.gson.internal.bind.ReflectiveTypeAdapterFactory$1.read(ReflectiveTypeAdapterFactory.java:131)
	at com.google.gson.internal.bind.ReflectiveTypeAdapterFactory$Adapter.read(ReflectiveTypeAdapterFactory.java:222)
	at com.google.gson.Gson.fromJson(Gson.java:927)
	... 28 more
]]>
    </failure>
  </testcase> <!-- modifyIssueTest -->
  <testcase name="modifyIssueTest" time="0.013" classname="flobiz.tests.ModifyIssueTest">
    <failure type="com.google.gson.JsonSyntaxException" message="com.google.gson.stream.MalformedJsonException: Unterminated string at line 3 column 2 path $.title">
      <![CDATA[com.google.gson.JsonSyntaxException: com.google.gson.stream.MalformedJsonException: Unterminated string at line 3 column 2 path $.title
	at com.google.gson.Gson.fromJson(Gson.java:942)
	at com.google.gson.Gson.fromJson(Gson.java:865)
	at flobiz.utils.JsonUtility.createTemplate(JsonUtility.java:15)
	at flobiz.services.IssueService.modifyIssue(IssueService.java:56)
	at flobiz.tests.ModifyIssueTest.modifyIssueTest(ModifyIssueTest.java:24)
	at sun.reflect.NativeMethodAccessorImpl.invoke0(Native Method)
	at sun.reflect.NativeMethodAccessorImpl.invoke(Unknown Source)
	at sun.reflect.DelegatingMethodAccessorImpl.invoke(Unknown Source)
	at java.lang.reflect.Method.invoke(Unknown Source)
	at org.testng.internal.MethodInvocationHelper.invokeMethod(MethodInvocationHelper.java:86)
	at org.testng.internal.Invoker.invokeMethod(Invoker.java:645)
	at org.testng.internal.Invoker.invokeTestMethod(Invoker.java:822)
	at org.testng.internal.Invoker.invokeTestMethods(Invoker.java:1130)
	at org.testng.internal.TestMethodWorker.invokeTestMethods(TestMethodWorker.java:129)
	at org.testng.internal.TestMethodWorker.run(TestMethodWorker.java:112)
	at org.testng.TestRunner.privateRun(TestRunner.java:782)
	at org.testng.TestRunner.run(TestRunner.java:632)
	at org.testng.SuiteRunner.runTest(SuiteRunner.java:366)
	at org.testng.SuiteRunner.runSequentially(SuiteRunner.java:361)
	at org.testng.SuiteRunner.privateRun(SuiteRunner.java:319)
	at org.testng.SuiteRunner.run(SuiteRunner.java:268)
	at org.testng.SuiteRunnerWorker.runSuite(SuiteRunnerWorker.java:52)
	at org.testng.SuiteRunnerWorker.run(SuiteRunnerWorker.java:86)
	at org.testng.TestNG.runSuitesSequentially(TestNG.java:1244)
	at org.testng.TestNG.runSuitesLocally(TestNG.java:1169)
	at org.testng.TestNG.run(TestNG.java:1064)
	at org.testng.remote.RemoteTestNG.run(RemoteTestNG.java:113)
	at org.testng.remote.RemoteTestNG.initAndRun(RemoteTestNG.java:206)
	at org.testng.remote.RemoteTestNG.main(RemoteTestNG.java:177)
Caused by: com.google.gson.stream.MalformedJsonException: Unterminated string at line 3 column 2 path $.title
	at com.google.gson.stream.JsonReader.syntaxError(JsonReader.java:1568)
	at com.google.gson.stream.JsonReader.nextQuotedValue(JsonReader.java:1031)
	at com.google.gson.stream.JsonReader.nextString(JsonReader.java:815)
	at com.google.gson.internal.bind.TypeAdapters$16.read(TypeAdapters.java:402)
	at com.google.gson.internal.bind.TypeAdapters$16.read(TypeAdapters.java:390)
	at com.google.gson.internal.bind.ReflectiveTypeAdapterFactory$1.read(ReflectiveTypeAdapterFactory.java:131)
	at com.google.gson.internal.bind.ReflectiveTypeAdapterFactory$Adapter.read(ReflectiveTypeAdapterFactory.java:222)
	at com.google.gson.Gson.fromJson(Gson.java:927)
	... 28 more
]]>
    </failure>
  </testcase> <!-- modifyIssueTest -->
  <testcase name="modifyIssueTest" time="0.006" classname="flobiz.tests.ModifyIssueTest">
    <failure type="com.google.gson.JsonSyntaxException" message="com.google.gson.stream.MalformedJsonException: Unterminated string at line 3 column 2 path $.title">
      <![CDATA[com.google.gson.JsonSyntaxException: com.google.gson.stream.MalformedJsonException: Unterminated string at line 3 column 2 path $.title
	at com.google.gson.Gson.fromJson(Gson.java:942)
	at com.google.gson.Gson.fromJson(Gson.java:865)
	at flobiz.utils.JsonUtility.createTemplate(JsonUtility.java:15)
	at flobiz.services.IssueService.modifyIssue(IssueService.java:56)
	at flobiz.tests.ModifyIssueTest.modifyIssueTest(ModifyIssueTest.java:24)
	at sun.reflect.NativeMethodAccessorImpl.invoke0(Native Method)
	at sun.reflect.NativeMethodAccessorImpl.invoke(Unknown Source)
	at sun.reflect.DelegatingMethodAccessorImpl.invoke(Unknown Source)
	at java.lang.reflect.Method.invoke(Unknown Source)
	at org.testng.internal.MethodInvocationHelper.invokeMethod(MethodInvocationHelper.java:86)
	at org.testng.internal.Invoker.invokeMethod(Invoker.java:645)
	at org.testng.internal.Invoker.invokeTestMethod(Invoker.java:822)
	at org.testng.internal.Invoker.invokeTestMethods(Invoker.java:1130)
	at org.testng.internal.TestMethodWorker.invokeTestMethods(TestMethodWorker.java:129)
	at org.testng.internal.TestMethodWorker.run(TestMethodWorker.java:112)
	at org.testng.TestRunner.privateRun(TestRunner.java:782)
	at org.testng.TestRunner.run(TestRunner.java:632)
	at org.testng.SuiteRunner.runTest(SuiteRunner.java:366)
	at org.testng.SuiteRunner.runSequentially(SuiteRunner.java:361)
	at org.testng.SuiteRunner.privateRun(SuiteRunner.java:319)
	at org.testng.SuiteRunner.run(SuiteRunner.java:268)
	at org.testng.SuiteRunnerWorker.runSuite(SuiteRunnerWorker.java:52)
	at org.testng.SuiteRunnerWorker.run(SuiteRunnerWorker.java:86)
	at org.testng.TestNG.runSuitesSequentially(TestNG.java:1244)
	at org.testng.TestNG.runSuitesLocally(TestNG.java:1169)
	at org.testng.TestNG.run(TestNG.java:1064)
	at org.testng.remote.RemoteTestNG.run(RemoteTestNG.java:113)
	at org.testng.remote.RemoteTestNG.initAndRun(RemoteTestNG.java:206)
	at org.testng.remote.RemoteTestNG.main(RemoteTestNG.java:177)
Caused by: com.google.gson.stream.MalformedJsonException: Unterminated string at line 3 column 2 path $.title
	at com.google.gson.stream.JsonReader.syntaxError(JsonReader.java:1568)
	at com.google.gson.stream.JsonReader.nextQuotedValue(JsonReader.java:1031)
	at com.google.gson.stream.JsonReader.nextString(JsonReader.java:815)
	at com.google.gson.internal.bind.TypeAdapters$16.read(TypeAdapters.java:402)
	at com.google.gson.internal.bind.TypeAdapters$16.read(TypeAdapters.java:390)
	at com.google.gson.internal.bind.ReflectiveTypeAdapterFactory$1.read(ReflectiveTypeAdapterFactory.java:131)
	at com.google.gson.internal.bind.ReflectiveTypeAdapterFactory$Adapter.read(ReflectiveTypeAdapterFactory.java:222)
	at com.google.gson.Gson.fromJson(Gson.java:927)
	... 28 more
]]>
    </failure>
  </testcase> <!-- modifyIssueTest -->
  <testcase name="getAllIssuesTest" time="1.957" classname="flobiz.tests.GetAllIssueTest"/>
</testsuite> <!-- Default test -->
